Using pre-set license
Built from '2020.3/staging' branch; Version is '2020.3.26f1 (7298b473bc1a) revision 7510196'; Using compiler version '192528614'; Build Type 'Release'
OS: 'Windows 11  (10.0.22000) 64bit Core' Language: 'en' Physical Memory: 16193 MB
BatchMode: 1, IsHumanControllingUs: 0, StartBugReporterOnCrash: 0, Is64bit: 1, IsPro: 0

COMMAND LINE ARGUMENTS:
C:\Program Files\Unity\Hub\Editor\2020.3.26f1\Editor\Unity.exe
-adb2
-batchMode
-noUpm
-name
AssetImportWorker0
-projectPath
C:/Users/juana/Documents/Sparklmonkey Games/Spider Riders - Battle for Arachna
-logFile
Logs/AssetImportWorker0.log
-srvPort
60566
Successfully changed project path to: C:/Users/juana/Documents/Sparklmonkey Games/Spider Riders - Battle for Arachna
C:/Users/juana/Documents/Sparklmonkey Games/Spider Riders - Battle for Arachna
Using Asset Import Pipeline V2.
Refreshing native plugins compatible for Editor in 193.24 ms, found 3 plugins.
Preloading 0 native plugins for Editor in 0.00 ms.
Initialize engine version: 2020.3.26f1 (7298b473bc1a)
[Subsystems] Discovering subsystems at path C:/Program Files/Unity/Hub/Editor/2020.3.26f1/Editor/Data/Resources/UnitySubsystems
[Subsystems] Discovering subsystems at path C:/Users/juana/Documents/Sparklmonkey Games/Spider Riders - Battle for Arachna/Assets
GfxDevice: creating device client; threaded=0
Direct3D:
    Version:  Direct3D 11.0 [level 11.1]
    Renderer: NVIDIA GeForce GTX 1650 (ID=0x1f91)
    Vendor:   
    VRAM:     3962 MB
    Driver:   27.21.14.5763
Initialize mono
Mono path[0] = 'C:/Program Files/Unity/Hub/Editor/2020.3.26f1/Editor/Data/Managed'
Mono path[1] = 'C:/Program Files/Unity/Hub/Editor/2020.3.26f1/Editor/Data/MonoBleedingEdge/lib/mono/unityjit'
Mono config path = 'C:/Program Files/Unity/Hub/Editor/2020.3.26f1/Editor/Data/MonoBleedingEdge/etc'
Using monoOptions --debugger-agent=transport=dt_socket,embedding=1,server=y,suspend=n,address=127.0.0.1:56796
Begin MonoManager ReloadAssembly
Registering precompiled unity dll's ...
Register platform support module: C:/Program Files/Unity/Hub/Editor/2020.3.26f1/Editor/Data/PlaybackEngines/WindowsStandaloneSupport/UnityEditor.WindowsStandalone.Extensions.dll
Registered in 0.006543 seconds.
Native extension for WindowsStandalone target not found
Refreshing native plugins compatible for Editor in 187.19 ms, found 3 plugins.
Preloading 0 native plugins for Editor in 0.00 ms.
Mono: successfully reloaded assembly
- Completed reload, in  2.350 seconds
Domain Reload Profiling:
	ReloadAssembly (2351ms)
		BeginReloadAssembly (230ms)
			ExecutionOrderSort (0ms)
			DisableScriptedObjects (0ms)
			BackupInstance (0ms)
			ReleaseScriptingObjects (0ms)
			CreateAndSetChildDomain (3ms)
		EndReloadAssembly (1835ms)
			LoadAssemblies (219ms)
			RebuildTransferFunctionScriptingTraits (0ms)
			SetupTypeCache (586ms)
			ReleaseScriptCaches (0ms)
			RebuildScriptCaches (120ms)
			SetupLoadedEditorAssemblies (724ms)
				LogAssemblyErrors (0ms)
				InitializePlatformSupportModulesInManaged (14ms)
				SetLoadedEditorAssemblies (1ms)
				RefreshPlugins (187ms)
				BeforeProcessingInitializeOnLoad (60ms)
				ProcessInitializeOnLoadAttributes (298ms)
				ProcessInitializeOnLoadMethodAttributes (163ms)
				AfterProcessingInitializeOnLoad (0ms)
				EditorAssembliesLoaded (1ms)
			ExecutionOrderSort2 (0ms)
			AwakeInstancesAfterBackupRestoration (0ms)
Platform modules already initialized, skipping
Registering precompiled user dll's ...
Registered in 0.026596 seconds.
Begin MonoManager ReloadAssembly
Native extension for WindowsStandalone target not found
Refreshing native plugins compatible for Editor in 198.45 ms, found 3 plugins.
Preloading 0 native plugins for Editor in 0.00 ms.
Mono: successfully reloaded assembly
- Completed reload, in  4.486 seconds
Domain Reload Profiling:
	ReloadAssembly (4489ms)
		BeginReloadAssembly (598ms)
			ExecutionOrderSort (0ms)
			DisableScriptedObjects (30ms)
			BackupInstance (0ms)
			ReleaseScriptingObjects (0ms)
			CreateAndSetChildDomain (63ms)
		EndReloadAssembly (3654ms)
			LoadAssemblies (357ms)
			RebuildTransferFunctionScriptingTraits (0ms)
			SetupTypeCache (1227ms)
			ReleaseScriptCaches (2ms)
			RebuildScriptCaches (233ms)
			SetupLoadedEditorAssemblies (1374ms)
				LogAssemblyErrors (0ms)
				InitializePlatformSupportModulesInManaged (12ms)
				SetLoadedEditorAssemblies (1ms)
				RefreshPlugins (199ms)
				BeforeProcessingInitializeOnLoad (326ms)
				ProcessInitializeOnLoadAttributes (758ms)
				ProcessInitializeOnLoadMethodAttributes (59ms)
				AfterProcessingInitializeOnLoad (18ms)
				EditorAssembliesLoaded (1ms)
			ExecutionOrderSort2 (0ms)
			AwakeInstancesAfterBackupRestoration (23ms)
Platform modules already initialized, skipping
========================================================================
Worker process is ready to serve import requests
Launched and connected shader compiler UnityShaderCompiler.exe after 0.12 seconds
Refreshing native plugins compatible for Editor in 2.24 ms, found 3 plugins.
Preloading 0 native plugins for Editor in 0.00 ms.
Unloading 2197 Unused Serialized files (Serialized files now loaded: 0)
System memory in use before: 96.5 MB.
System memory in use after: 96.6 MB.

Unloading 28 unused Assets to reduce memory usage. Loaded Objects now: 2630.
Total: 9.335300 ms (FindLiveObjects: 0.579100 ms CreateObjectMapping: 0.221600 ms MarkObjects: 8.339700 ms  DeleteObjects: 0.191100 ms)

AssetImportParameters requested are different than current active one (requested -> active):
  custom:framework-win-MediaFoundation: 216162199b28c13a410421893ffa2e32 -> 
  custom:video-decoder-ogg-theora: a1e56fd34408186e4bbccfd4996cb3dc -> 
  custom:container-muxer-webm: aa71ff27fc2769a1b78a27578f13a17b -> 
  custom:container-demuxer-webm: 4f35f7cbe854078d1ac9338744f61a02 -> 
  custom:container-demuxer-ogg: 62fdf1f143b41e24485cea50d1cbac27 -> 
  custom:video-encoder-webm-vp8: eb34c28f22e8b96e1ab97ce403110664 -> 
  custom:video-codec-MediaFoundation-h265: 746d11721c4dcdbdad8f713fa42b33f4 -> 
  custom:video-decoder-webm-vp8: 9c59270c3fd7afecdb556c50c9e8de78 -> 
  custom:audio-decoder-ogg-vorbis: bf7c407c2cedff20999df2af8eb42d56 -> 
  custom:audio-encoder-webm-vorbis: bf7c407c2cedff20999df2af8eb42d56 -> 
========================================================================
Received Import Request.
  path: Assets/Sprites/1 1.png
  artifactKey: Guid(b8d3f4cf2fbbef542b7e49b505b6ad00) Importer(815301076,1909f56bfc062723c751e8b465ee728b)
Start importing Assets/Sprites/1 1.png using Guid(b8d3f4cf2fbbef542b7e49b505b6ad00) Importer(815301076,1909f56bfc062723c751e8b465ee728b)  -> (artifact id: '7192549c9062647df2a37ff32ef9c4f7') in 0.349474 seconds 
  Import took 0.358057 seconds .

========================================================================
Received Import Request.
  Time since last request: 0.000659 seconds.
  path: Assets/Sprites/1 10.png
  artifactKey: Guid(d0481bcb1d02f5b40b1cbf2c20642e14) Importer(815301076,1909f56bfc062723c751e8b465ee728b)
Start importing Assets/Sprites/1 10.png using Guid(d0481bcb1d02f5b40b1cbf2c20642e14) Importer(815301076,1909f56bfc062723c751e8b465ee728b)  -> (artifact id: 'b64504260d1873b4bbb77a861619d78f') in 0.038236 seconds 
  Import took 0.046392 seconds .

========================================================================
Received Import Request.
  Time since last request: 0.000803 seconds.
  path: Assets/Sprites/1 253.png
  artifactKey: Guid(ff5c56c90532d9f42b76d9ed03ae4860) Importer(815301076,1909f56bfc062723c751e8b465ee728b)
Start importing Assets/Sprites/1 253.png using Guid(ff5c56c90532d9f42b76d9ed03ae4860) Importer(815301076,1909f56bfc062723c751e8b465ee728b)  -> (artifact id: '8fdc07f398c42d97205b830e43f14747') in 0.036557 seconds 
  Import took 0.046295 seconds .

========================================================================
Received Import Request.
  Time since last request: 392.724736 seconds.
  path: Assets/Sprites/1 1.png
  artifactKey: Guid(b8d3f4cf2fbbef542b7e49b505b6ad00) Importer(815301076,1909f56bfc062723c751e8b465ee728b)
Start importing Assets/Sprites/1 1.png using Guid(b8d3f4cf2fbbef542b7e49b505b6ad00) Importer(815301076,1909f56bfc062723c751e8b465ee728b)  -> (artifact id: 'e18bcb90d67ad169c7dda2c95daa3995') in 0.055186 seconds 
  Import took 0.064820 seconds .

========================================================================
Received Import Request.
  Time since last request: 70.072514 seconds.
  path: Assets/Sprites/LoginBackgrounf.png
  artifactKey: Guid(b8d3f4cf2fbbef542b7e49b505b6ad00) Importer(815301076,1909f56bfc062723c751e8b465ee728b)
Start importing Assets/Sprites/LoginBackgrounf.png using Guid(b8d3f4cf2fbbef542b7e49b505b6ad00) Importer(815301076,1909f56bfc062723c751e8b465ee728b)  -> (artifact id: '823e65c11b740274621951603a673037') in 0.034464 seconds 
  Import took 0.044041 seconds .

========================================================================
Received Import Request.
  Time since last request: 2.521072 seconds.
  path: Assets/Sprites/LoginBackground.png
  artifactKey: Guid(b8d3f4cf2fbbef542b7e49b505b6ad00) Importer(815301076,1909f56bfc062723c751e8b465ee728b)
Start importing Assets/Sprites/LoginBackground.png using Guid(b8d3f4cf2fbbef542b7e49b505b6ad00) Importer(815301076,1909f56bfc062723c751e8b465ee728b)  -> (artifact id: '2919c42e8099b438e5bbe3fd0cb3eceb') in 0.042997 seconds 
  Import took 0.059076 seconds .

========================================================================
Received Import Request.
  Time since last request: 102.175193 seconds.
  path: Assets/Sprites
  artifactKey: Guid(24f539583e3d4684498c68775ff530bf) Importer(815301076,1909f56bfc062723c751e8b465ee728b)
Start importing Assets/Sprites using Guid(24f539583e3d4684498c68775ff530bf) Importer(815301076,1909f56bfc062723c751e8b465ee728b)  -> (artifact id: '34f405bba821fd2879843f06df7203b5') in 0.007280 seconds 
  Import took 0.015606 seconds .

========================================================================
Received Import Request.
  Time since last request: 0.953825 seconds.
  path: Assets/Sprites/1 2.png
  artifactKey: Guid(44e16e85931ad6c4883a2176c8cef50b) Importer(815301076,1909f56bfc062723c751e8b465ee728b)
Start importing Assets/Sprites/1 2.png using Guid(44e16e85931ad6c4883a2176c8cef50b) Importer(815301076,1909f56bfc062723c751e8b465ee728b)  -> (artifact id: '48c6ab4f4e37b0309a3b1f966eee87f5') in 0.046194 seconds 
  Import took 0.056179 seconds .

========================================================================
Received Import Request.
  Time since last request: 3.966835 seconds.
  path: Assets/Sprites/LoginPanel.png
  artifactKey: Guid(44e16e85931ad6c4883a2176c8cef50b) Importer(815301076,1909f56bfc062723c751e8b465ee728b)
Start importing Assets/Sprites/LoginPanel.png using Guid(44e16e85931ad6c4883a2176c8cef50b) Importer(815301076,1909f56bfc062723c751e8b465ee728b)  -> (artifact id: 'fddee304b69b70336996c5ab97367043') in 0.033158 seconds 
  Import took 0.041703 seconds .

========================================================================
Received Import Request.
  Time since last request: 142.456524 seconds.
  path: Assets/Sprites/1 2.png
  artifactKey: Guid(e4c0c9d1ca3d3914dbe0dfa741cdb9e8) Importer(815301076,1909f56bfc062723c751e8b465ee728b)
Start importing Assets/Sprites/1 2.png using Guid(e4c0c9d1ca3d3914dbe0dfa741cdb9e8) Importer(815301076,1909f56bfc062723c751e8b465ee728b)  -> (artifact id: 'db9e29488c19c7b73a42338988222806') in 0.042957 seconds 
  Import took 0.053590 seconds .

========================================================================
Received Import Request.
  Time since last request: 152.783624 seconds.
  path: Assets/Sprites/1 1.png
  artifactKey: Guid(72badf84c125a9d4ab466d471b5077c3) Importer(815301076,1909f56bfc062723c751e8b465ee728b)
Start importing Assets/Sprites/1 1.png using Guid(72badf84c125a9d4ab466d471b5077c3) Importer(815301076,1909f56bfc062723c751e8b465ee728b)  -> (artifact id: '2112b0ca8fce52fa916794cc949ac31c') in 0.039017 seconds 
  Import took 0.051182 seconds .

========================================================================
Received Import Request.
  Time since last request: 258.131349 seconds.
  path: Assets/Sprites/1.png
  artifactKey: Guid(fd4ef9b1b30e94049a7cff3241011b42) Importer(815301076,1909f56bfc062723c751e8b465ee728b)
Start importing Assets/Sprites/1.png using Guid(fd4ef9b1b30e94049a7cff3241011b42) Importer(815301076,1909f56bfc062723c751e8b465ee728b)  -> (artifact id: '1ae7de03d6fdf31c835b6d5de9feadd5') in 0.045825 seconds 
  Import took 0.056298 seconds .

========================================================================
Received Import Request.
  Time since last request: 5.139513 seconds.
  path: Assets/Sprites/LoadingBar.png
  artifactKey: Guid(fd4ef9b1b30e94049a7cff3241011b42) Importer(815301076,1909f56bfc062723c751e8b465ee728b)
Start importing Assets/Sprites/LoadingBar.png using Guid(fd4ef9b1b30e94049a7cff3241011b42) Importer(815301076,1909f56bfc062723c751e8b465ee728b)  -> (artifact id: 'c0f9e85c8a6003a8fd6b223b667a559a') in 0.038418 seconds 
  Import took 0.047657 seconds .

========================================================================
Received Import Request.
  Time since last request: 3.279270 seconds.
  path: Assets/Sprites/BadGuys.png
  artifactKey: Guid(e4c0c9d1ca3d3914dbe0dfa741cdb9e8) Importer(815301076,1909f56bfc062723c751e8b465ee728b)
Start importing Assets/Sprites/BadGuys.png using Guid(e4c0c9d1ca3d3914dbe0dfa741cdb9e8) Importer(815301076,1909f56bfc062723c751e8b465ee728b)  -> (artifact id: 'de05fe5e33c03cba3c8fb497bc2f41cf') in 0.047795 seconds 
  Import took 0.060128 seconds .

========================================================================
Received Import Request.
  Time since last request: 3.817725 seconds.
  path: Assets/Sprites/GoodGuys.png
  artifactKey: Guid(72badf84c125a9d4ab466d471b5077c3) Importer(815301076,1909f56bfc062723c751e8b465ee728b)
Start importing Assets/Sprites/GoodGuys.png using Guid(72badf84c125a9d4ab466d471b5077c3) Importer(815301076,1909f56bfc062723c751e8b465ee728b)  -> (artifact id: '9b28ae66df3ab444786853fc11f7cae6') in 0.049305 seconds 
  Import took 0.060121 seconds .

========================================================================
Received Import Request.
  Time since last request: 42.784743 seconds.
  path: Assets/Sprites/1.png
  artifactKey: Guid(7cdd0d719c7543a4289089d7493b04fc) Importer(815301076,1909f56bfc062723c751e8b465ee728b)
Start importing Assets/Sprites/1.png using Guid(7cdd0d719c7543a4289089d7493b04fc) Importer(815301076,1909f56bfc062723c751e8b465ee728b)  -> (artifact id: 'f4dbf6ce0982b37fab9b13bc1743cbeb') in 0.044191 seconds 
  Import took 0.055275 seconds .

========================================================================
Received Import Request.
  Time since last request: 4.013142 seconds.
  path: Assets/Sprites/Button_Blue.png
  artifactKey: Guid(7cdd0d719c7543a4289089d7493b04fc) Importer(815301076,1909f56bfc062723c751e8b465ee728b)
Start importing Assets/Sprites/Button_Blue.png using Guid(7cdd0d719c7543a4289089d7493b04fc) Importer(815301076,1909f56bfc062723c751e8b465ee728b)  -> (artifact id: 'd8f8ee39da291e8b8f9f6b0d4304b1e7') in 0.042734 seconds 
  Import took 0.058350 seconds .

========================================================================
Received Import Request.
  Time since last request: 117.856973 seconds.
  path: Assets/Sprites/1.png
  artifactKey: Guid(f799da3f651a0f1498dab43b1dfe38d9) Importer(815301076,1909f56bfc062723c751e8b465ee728b)
Start importing Assets/Sprites/1.png using Guid(f799da3f651a0f1498dab43b1dfe38d9) Importer(815301076,1909f56bfc062723c751e8b465ee728b)  -> (artifact id: 'f30802fd77a478a483dc441a0ddfcafa') in 0.033623 seconds 
  Import took 0.043558 seconds .

========================================================================
Received Import Request.
  Time since last request: 2282.672808 seconds.
  path: Assets/Sprites/1 1.png
  artifactKey: Guid(5ab9a593fc4dac547b4403a262a54658) Importer(815301076,1909f56bfc062723c751e8b465ee728b)
Start importing Assets/Sprites/1 1.png using Guid(5ab9a593fc4dac547b4403a262a54658) Importer(815301076,1909f56bfc062723c751e8b465ee728b)  -> (artifact id: '9f4899fcf6a4548f5da673e81461c53a') in 0.089405 seconds 
  Import took 0.102041 seconds .

========================================================================
Received Import Request.
  Time since last request: 109.522875 seconds.
  path: Assets/Sprites/1 3.png
  artifactKey: Guid(f14e7af151c1a114fae0b9661dc3dc9e) Importer(815301076,1909f56bfc062723c751e8b465ee728b)
Start importing Assets/Sprites/1 3.png using Guid(f14e7af151c1a114fae0b9661dc3dc9e) Importer(815301076,1909f56bfc062723c751e8b465ee728b)  -> (artifact id: 'c0447394921b20ea7c7668c6e3c579dd') in 0.059958 seconds 
  Import took 0.084287 seconds .

========================================================================
Received Import Request.
  Time since last request: 854.255340 seconds.
  path: Assets/Sprites/1 4.png
  artifactKey: Guid(240952c7600908b4bb9d9ff623d8496c) Importer(815301076,1909f56bfc062723c751e8b465ee728b)
Start importing Assets/Sprites/1 4.png using Guid(240952c7600908b4bb9d9ff623d8496c) Importer(815301076,1909f56bfc062723c751e8b465ee728b)  -> (artifact id: '356556edc4455651c298eaf912620009') in 0.043879 seconds 
  Import took 0.061649 seconds .

========================================================================
Received Import Request.
  Time since last request: 78.164054 seconds.
  path: Assets/fonts
  artifactKey: Guid(4306992eca538d84d8f3b2dcd6625679) Importer(815301076,1909f56bfc062723c751e8b465ee728b)
Start importing Assets/fonts using Guid(4306992eca538d84d8f3b2dcd6625679) Importer(815301076,1909f56bfc062723c751e8b465ee728b)  -> (artifact id: 'fbd825bd6a7e7b9b07b51bff1b93fd78') in 0.013819 seconds 
  Import took 0.024752 seconds .

========================================================================
Received Import Request.
  Time since last request: 2.892032 seconds.
  path: Assets/Fonts
  artifactKey: Guid(4306992eca538d84d8f3b2dcd6625679) Importer(815301076,1909f56bfc062723c751e8b465ee728b)
Start importing Assets/Fonts using Guid(4306992eca538d84d8f3b2dcd6625679) Importer(815301076,1909f56bfc062723c751e8b465ee728b)  -> (artifact id: 'b99f1cd2a6f087dd481650a0a1e78a70') in 0.012087 seconds 
  Import took 0.021198 seconds .

========================================================================
Received Import Request.
  Time since last request: 6.430311 seconds.
  path: Assets/Fonts/TMPro
  artifactKey: Guid(aff883869e481d042b1194a40af30cb8) Importer(815301076,1909f56bfc062723c751e8b465ee728b)
Start importing Assets/Fonts/TMPro using Guid(aff883869e481d042b1194a40af30cb8) Importer(815301076,1909f56bfc062723c751e8b465ee728b)  -> (artifact id: 'f677b419d6b2bc19dc58dd11e3a81033') in 0.011085 seconds 
  Import took 0.022291 seconds .

========================================================================
Received Import Request.
  Time since last request: 1.850204 seconds.
  path: Assets/Fonts/31_Forgotten Futurist.ttf
  artifactKey: Guid(4312e22e6cf3a984aa94fc3b911d73a5) Importer(815301076,1909f56bfc062723c751e8b465ee728b)
Start importing Assets/Fonts/31_Forgotten Futurist.ttf using Guid(4312e22e6cf3a984aa94fc3b911d73a5) Importer(815301076,1909f56bfc062723c751e8b465ee728b)  -> (artifact id: '8888af9dfd894167f21e33a7359c88f9') in 0.182240 seconds 
  Import took 0.192547 seconds .

========================================================================
Received Import Request.
  Time since last request: 5.258571 seconds.
  path: Assets/Fonts/80_AddElectricCity.ttf
  artifactKey: Guid(b107d27d1c57d4140906e729ea3da7d0) Importer(815301076,1909f56bfc062723c751e8b465ee728b)
Start importing Assets/Fonts/80_AddElectricCity.ttf using Guid(b107d27d1c57d4140906e729ea3da7d0) Importer(815301076,1909f56bfc062723c751e8b465ee728b)  -> (artifact id: '3eeff2994cf18e3d83836957764b7d48') in 0.039116 seconds 
  Import took 0.051577 seconds .

========================================================================
Received Import Request.
  Time since last request: 6.811502 seconds.
  path: Assets/Fonts/574_Forgotten Futurist.ttf
  artifactKey: Guid(ce13f29528f6c444aaf18cbb71790ddf) Importer(815301076,1909f56bfc062723c751e8b465ee728b)
Start importing Assets/Fonts/574_Forgotten Futurist.ttf using Guid(ce13f29528f6c444aaf18cbb71790ddf) Importer(815301076,1909f56bfc062723c751e8b465ee728b)  -> (artifact id: 'a17a9b50cae7ce2246d44b35af48dbaf') in 0.077112 seconds 
  Import took 0.089285 seconds .

========================================================================
Received Import Request.
  Time since last request: 0.489193 seconds.
  path: Assets/Fonts/364_AddElectricCity.ttf
  artifactKey: Guid(616cd698fe9a01246940206b8acc864d) Importer(815301076,1909f56bfc062723c751e8b465ee728b)
Start importing Assets/Fonts/364_AddElectricCity.ttf using Guid(616cd698fe9a01246940206b8acc864d) Importer(815301076,1909f56bfc062723c751e8b465ee728b)  -> (artifact id: '7690c424b3172d987575c1015f534f77') in 0.031387 seconds 
  Import took 0.040274 seconds .

========================================================================
Received Import Request.
  Time since last request: 81.982181 seconds.
  path: Assets/Fonts/Forgotten Futurist.ttf
  artifactKey: Guid(4312e22e6cf3a984aa94fc3b911d73a5) Importer(815301076,1909f56bfc062723c751e8b465ee728b)
Start importing Assets/Fonts/Forgotten Futurist.ttf using Guid(4312e22e6cf3a984aa94fc3b911d73a5) Importer(815301076,1909f56bfc062723c751e8b465ee728b)  -> (artifact id: '6039b9660c198c681c6d6311ab760533') in 0.036850 seconds 
  Import took 0.047666 seconds .

========================================================================
Received Import Request.
  Time since last request: 0.743961 seconds.
  path: Assets/Fonts/895_Drek.ttf
  artifactKey: Guid(7f8ccb35b606317439e959839e307b0f) Importer(815301076,1909f56bfc062723c751e8b465ee728b)
Start importing Assets/Fonts/895_Drek.ttf using Guid(7f8ccb35b606317439e959839e307b0f) Importer(815301076,1909f56bfc062723c751e8b465ee728b)  -> (artifact id: '92ffd0cfb6cf6b8413e73fd7cb588a43') in 0.044127 seconds 
  Import took 0.054467 seconds .

========================================================================
Received Import Request.
  Time since last request: 3.658100 seconds.
  path: Assets/Fonts/Drek.ttf
  artifactKey: Guid(7f8ccb35b606317439e959839e307b0f) Importer(815301076,1909f56bfc062723c751e8b465ee728b)
Start importing Assets/Fonts/Drek.ttf using Guid(7f8ccb35b606317439e959839e307b0f) Importer(815301076,1909f56bfc062723c751e8b465ee728b)  -> (artifact id: 'd0e65a2c234f96d3dbf73390f575520d') in 0.038426 seconds 
  Import took 0.050322 seconds .

========================================================================
Received Import Request.
  Time since last request: 0.316621 seconds.
  path: Assets/Fonts/108_Arnold 2.1.ttf
  artifactKey: Guid(a6766fbf769651f41902aed298769f92) Importer(815301076,1909f56bfc062723c751e8b465ee728b)
Start importing Assets/Fonts/108_Arnold 2.1.ttf using Guid(a6766fbf769651f41902aed298769f92) Importer(815301076,1909f56bfc062723c751e8b465ee728b)  -> (artifact id: 'ec76aa8de25f2fea5be223c3901025ee') in 0.037279 seconds 
  Import took 0.048238 seconds .

========================================================================
Received Import Request.
  Time since last request: 2.717298 seconds.
  path: Assets/Fonts/Arnold 2.1.ttf
  artifactKey: Guid(a6766fbf769651f41902aed298769f92) Importer(815301076,1909f56bfc062723c751e8b465ee728b)
Start importing Assets/Fonts/Arnold 2.1.ttf using Guid(a6766fbf769651f41902aed298769f92) Importer(815301076,1909f56bfc062723c751e8b465ee728b)  -> (artifact id: 'ec3a3ca336c36cc2d91ecbdc42fcb29d') in 0.044207 seconds 
  Import took 0.053524 seconds .

========================================================================
Received Import Request.
  Time since last request: 4.532865 seconds.
  path: Assets/Fonts/AddElectricCity.ttf
  artifactKey: Guid(b107d27d1c57d4140906e729ea3da7d0) Importer(815301076,1909f56bfc062723c751e8b465ee728b)
Start importing Assets/Fonts/AddElectricCity.ttf using Guid(b107d27d1c57d4140906e729ea3da7d0) Importer(815301076,1909f56bfc062723c751e8b465ee728b)  -> (artifact id: 'bc43338c5878dfcc5fa5f9ed4b518d9c') in 0.036432 seconds 
  Import took 0.045840 seconds .

========================================================================
Received Import Request.
  Time since last request: 1.252205 seconds.
  path: Assets/Fonts/TMPro/31_Forgotten Futurist.asset
  artifactKey: Guid(3aab2455cea903f448fb3a25b9dfab39) Importer(815301076,1909f56bfc062723c751e8b465ee728b)
Start importing Assets/Fonts/TMPro/31_Forgotten Futurist.asset using Guid(3aab2455cea903f448fb3a25b9dfab39) Importer(815301076,1909f56bfc062723c751e8b465ee728b)  -> (artifact id: 'd1fe06d985519cbec04d34c472251535') in 0.150139 seconds 
  Import took 0.158155 seconds .

========================================================================
Received Import Request.
  Time since last request: 2.607232 seconds.
  path: Assets/Fonts/TMPro/Forgotten Futurist.asset
  artifactKey: Guid(3aab2455cea903f448fb3a25b9dfab39) Importer(815301076,1909f56bfc062723c751e8b465ee728b)
Start importing Assets/Fonts/TMPro/Forgotten Futurist.asset using Guid(3aab2455cea903f448fb3a25b9dfab39) Importer(815301076,1909f56bfc062723c751e8b465ee728b)  -> (artifact id: 'd72312dc808bb9fba93f1671a0a87e1f') in 0.064190 seconds 
  Import took 0.077806 seconds .

========================================================================
Received Import Request.
  Time since last request: 0.899442 seconds.
  path: Assets/Fonts/TMPro/895_Drek.asset
  artifactKey: Guid(4e8931354e0235d4987d0ff8f598d731) Importer(815301076,1909f56bfc062723c751e8b465ee728b)
Start importing Assets/Fonts/TMPro/895_Drek.asset using Guid(4e8931354e0235d4987d0ff8f598d731) Importer(815301076,1909f56bfc062723c751e8b465ee728b)  -> (artifact id: '047026ff94bbb42c60b6d2de4505f32e') in 0.058942 seconds 
  Import took 0.078865 seconds .

========================================================================
Received Import Request.
  Time since last request: 2.736901 seconds.
  path: Assets/Fonts/TMPro/Drek.asset
  artifactKey: Guid(4e8931354e0235d4987d0ff8f598d731) Importer(815301076,1909f56bfc062723c751e8b465ee728b)
Start importing Assets/Fonts/TMPro/Drek.asset using Guid(4e8931354e0235d4987d0ff8f598d731) Importer(815301076,1909f56bfc062723c751e8b465ee728b)  -> (artifact id: 'c9a68e6d688ddb06f131da9556e644f1') in 0.049802 seconds 
  Import took 0.060430 seconds .

========================================================================
Received Import Request.
  Time since last request: 0.343345 seconds.
  path: Assets/Fonts/TMPro/108_Arno.asset
  artifactKey: Guid(3f219300cd5a9e24aab9f6205f37c947) Importer(815301076,1909f56bfc062723c751e8b465ee728b)
Start importing Assets/Fonts/TMPro/108_Arno.asset using Guid(3f219300cd5a9e24aab9f6205f37c947) Importer(815301076,1909f56bfc062723c751e8b465ee728b)  -> (artifact id: '159997ec3454c404e673d35ae0db4776') in 0.056144 seconds 
  Import took 0.065899 seconds .

========================================================================
Received Import Request.
  Time since last request: 2.282087 seconds.
  path: Assets/Fonts/TMPro/Arno.asset
  artifactKey: Guid(3f219300cd5a9e24aab9f6205f37c947) Importer(815301076,1909f56bfc062723c751e8b465ee728b)
Start importing Assets/Fonts/TMPro/Arno.asset using Guid(3f219300cd5a9e24aab9f6205f37c947) Importer(815301076,1909f56bfc062723c751e8b465ee728b)  -> (artifact id: 'b426a717db259b36bf14d69174dafa35') in 0.062510 seconds 
  Import took 0.074129 seconds .

========================================================================
Received Import Request.
  Time since last request: 0.294302 seconds.
  path: Assets/Fonts/TMPro/80_AddElectricCity.asset
  artifactKey: Guid(ece3042c6432fec468ec0c3f330ec910) Importer(815301076,1909f56bfc062723c751e8b465ee728b)
Start importing Assets/Fonts/TMPro/80_AddElectricCity.asset using Guid(ece3042c6432fec468ec0c3f330ec910) Importer(815301076,1909f56bfc062723c751e8b465ee728b)  -> (artifact id: '6f24778bb57b6850e4654f648182a7de') in 0.055530 seconds 
  Import took 0.067124 seconds .

========================================================================
Received Import Request.
  Time since last request: 2.311522 seconds.
  path: Assets/Fonts/TMPro/AddElectricCity.asset
  artifactKey: Guid(ece3042c6432fec468ec0c3f330ec910) Importer(815301076,1909f56bfc062723c751e8b465ee728b)
Start importing Assets/Fonts/TMPro/AddElectricCity.asset using Guid(ece3042c6432fec468ec0c3f330ec910) Importer(815301076,1909f56bfc062723c751e8b465ee728b)  -> (artifact id: '8c4013a94f983886c797922efad57da1') in 0.067266 seconds 
  Import took 0.078721 seconds .

========================================================================
Received Import Request.
  Time since last request: 583.134028 seconds.
  path: Assets/Sprites/1 5.png
  artifactKey: Guid(1c750c095a37a1d4a862d07b18e5834a) Importer(815301076,1909f56bfc062723c751e8b465ee728b)
Start importing Assets/Sprites/1 5.png using Guid(1c750c095a37a1d4a862d07b18e5834a) Importer(815301076,1909f56bfc062723c751e8b465ee728b)  -> (artifact id: '6094509666556632f4a84dc9ee4b8bde') in 0.037261 seconds 
  Import took 0.047603 seconds .

========================================================================
Received Import Request.
  Time since last request: 5.615192 seconds.
  path: Assets/Sprites/RegisterBtn.png
  artifactKey: Guid(1c750c095a37a1d4a862d07b18e5834a) Importer(815301076,1909f56bfc062723c751e8b465ee728b)
Start importing Assets/Sprites/RegisterBtn.png using Guid(1c750c095a37a1d4a862d07b18e5834a) Importer(815301076,1909f56bfc062723c751e8b465ee728b)  -> (artifact id: 'dad3428e2349918a68deaa594e6fa1e8') in 0.025494 seconds 
  Import took 0.036327 seconds .

========================================================================
Received Import Request.
  Time since last request: 194.677222 seconds.
  path: Assets/Sprites/1 6.png
  artifactKey: Guid(29f08c1f77c22e24ea937a13589adb26) Importer(815301076,1909f56bfc062723c751e8b465ee728b)
Start importing Assets/Sprites/1 6.png using Guid(29f08c1f77c22e24ea937a13589adb26) Importer(815301076,1909f56bfc062723c751e8b465ee728b)  -> (artifact id: '84a21108809747ff99617cbefb216431') in 0.037177 seconds 
  Import took 0.045444 seconds .

========================================================================
Received Import Request.
  Time since last request: 7.128730 seconds.
  path: Assets/Sprites/TextfieldBack.png
  artifactKey: Guid(29f08c1f77c22e24ea937a13589adb26) Importer(815301076,1909f56bfc062723c751e8b465ee728b)
Start importing Assets/Sprites/TextfieldBack.png using Guid(29f08c1f77c22e24ea937a13589adb26) Importer(815301076,1909f56bfc062723c751e8b465ee728b)  -> (artifact id: 'ed5ae5ed1dc2e14c7307be726c97f73d') in 0.023329 seconds 
  Import took 0.032294 seconds .

========================================================================
Received Import Request.
  Time since last request: 88.448774 seconds.
  path: Assets/Sprites/1 8.png
  artifactKey: Guid(d248e91bde7a19f40bd5d6914a97194c) Importer(815301076,1909f56bfc062723c751e8b465ee728b)
Start importing Assets/Sprites/1 8.png using Guid(d248e91bde7a19f40bd5d6914a97194c) Importer(815301076,1909f56bfc062723c751e8b465ee728b)  -> (artifact id: '3ef4338df546df233d3d91d8183c3dc3') in 0.036866 seconds 
  Import took 0.048463 seconds .

========================================================================
Received Import Request.
  Time since last request: 2.983634 seconds.
  path: Assets/Sprites/LoginBtn.png
  artifactKey: Guid(d248e91bde7a19f40bd5d6914a97194c) Importer(815301076,1909f56bfc062723c751e8b465ee728b)
Start importing Assets/Sprites/LoginBtn.png using Guid(d248e91bde7a19f40bd5d6914a97194c) Importer(815301076,1909f56bfc062723c751e8b465ee728b)  -> (artifact id: '9079d8620e9b0cd3315740b7d4b2c697') in 0.025052 seconds 
  Import took 0.036135 seconds .

========================================================================
Received Import Request.
  Time since last request: 58.094589 seconds.
  path: Assets/Sprites/1 5.png
  artifactKey: Guid(153e3003760e6a9419c5487d575b4547) Importer(815301076,1909f56bfc062723c751e8b465ee728b)
Start importing Assets/Sprites/1 5.png using Guid(153e3003760e6a9419c5487d575b4547) Importer(815301076,1909f56bfc062723c751e8b465ee728b)  -> (artifact id: '70f2adbe23aedaa0473404a4c1538a94') in 0.025075 seconds 
  Import took 0.034187 seconds .

========================================================================
Received Import Request.
  Time since last request: 2.080046 seconds.
  path: Assets/Sprites/LoginBtn.png
  artifactKey: Guid(153e3003760e6a9419c5487d575b4547) Importer(815301076,1909f56bfc062723c751e8b465ee728b)
Start importing Assets/Sprites/LoginBtn.png using Guid(153e3003760e6a9419c5487d575b4547) Importer(815301076,1909f56bfc062723c751e8b465ee728b)  -> (artifact id: '4808b682acc4a7ac30ea436e92928fae') in 0.030199 seconds 
  Import took 0.043396 seconds .

AssetImportWorkerClient::OnTransportError - code=2 error=End of file
